TN:
SF:script/PredictionPoolScript.s.sol
DA:12,46
FN:12,PredictionPoolScript.run
FNDA:46,PredictionPoolScript.run
DA:13,46
DA:14,46
DA:15,46
DA:16,46
DA:18,46
DA:20,46
DA:22,46
DA:23,46
DA:24,46
DA:26,46
FNF:1
FNH:1
LF:11
LH:11
BRF:0
BRH:0
end_of_record
TN:
SF:script/PredictionPoolTokenScript.s.sol
DA:13,19
FN:13,PredictionPoolTokenScript.run
FNDA:19,PredictionPoolTokenScript.run
DA:14,19
DA:16,19
DA:27,19
DA:38,19
DA:40,19
FNF:1
FNH:1
LF:6
LH:6
BRF:0
BRH:0
end_of_record
TN:
SF:src/PredictionPool.sol
DA:100,9
FN:100,PredictionPool.roundIsActive
FNDA:9,PredictionPool.roundIsActive
DA:101,9
DA:103,9
BRDA:103,0,0,1
DA:104,1
DA:105,1
DA:108,9
BRDA:108,1,0,1
DA:109,1
DA:114,8
FN:114,PredictionPool.betOnlyOncePerRound
FNDA:8,PredictionPool.betOnlyOncePerRound
DA:115,8
BRDA:115,2,0,1
DA:116,1
DA:121,14
FN:121,PredictionPool.isValidFeed
FNDA:14,PredictionPool.isValidFeed
DA:122,14
BRDA:122,3,0,1
DA:123,1
DA:128,29
FN:128,PredictionPool.isValidValue
FNDA:29,PredictionPool.isValidValue
DA:129,29
BRDA:129,4,0,1
DA:130,1
DA:135,27
FN:135,PredictionPool.isValidDuration
FNDA:27,PredictionPool.isValidDuration
DA:136,27
BRDA:136,5,0,1
DA:137,1
DA:145,46
FN:145,PredictionPool.constructor
FNDA:46,PredictionPool.constructor
DA:146,46
DA:147,184
DA:148,184
BRDA:148,6,0,-
DA:149,0
DA:151,184
DA:152,184
DA:155,46
BRDA:155,7,0,-
DA:156,0
DA:158,46
DA:165,3
FN:165,PredictionPool.roundIsReadyForUpkeep
FNDA:3,PredictionPool.roundIsReadyForUpkeep
DA:166,12
DA:168,12
DA:177,0
FN:177,PredictionPool.checkUpkeep
FNDA:0,PredictionPool.checkUpkeep
DA:187,0
DA:190,0
DA:193,0
DA:195,0
BRDA:195,8,0,-
DA:196,0
DA:197,0
DA:202,0
BRDA:202,9,0,-
BRDA:202,9,1,-
DA:203,0
DA:204,0
DA:207,0
DA:208,0
DA:209,0
DA:213,0
DA:214,0
DA:222,9
FN:222,PredictionPool.performUpkeep
FNDA:9,PredictionPool.performUpkeep
DA:224,9
DA:227,9
DA:228,9
DA:230,9
BRDA:230,10,0,9
DA:232,9
DA:237,29
FN:237,PredictionPool.createRound
FNDA:29,PredictionPool.createRound
DA:245,26
DA:247,26
DA:248,26
DA:249,26
DA:250,26
DA:251,26
DA:252,26
DA:253,26
DA:254,26
DA:256,26
BRDA:256,11,0,24
BRDA:256,11,1,2
DA:257,24
DA:258,24
DA:260,2
DA:261,2
DA:265,26
DA:266,26
DA:268,26
DA:270,26
DA:271,26
DA:273,26
DA:276,10
FN:276,PredictionPool.betOn
FNDA:10,PredictionPool.betOn
DA:283,7
DA:285,7
BRDA:285,12,0,2
BRDA:285,12,1,5
DA:286,2
DA:287,2
DA:289,5
DA:290,5
DA:293,7
DA:294,7
DA:296,7
DA:298,7
DA:304,9
FN:304,PredictionPool._resolveRound
FNDA:9,PredictionPool._resolveRound
DA:305,9
DA:307,9
DA:308,9
DA:310,9
DA:311,9
DA:314,9
DA:315,9
DA:316,8
DA:320,9
DA:321,9
DA:323,9
DA:326,10
FN:326,PredictionPool.claimReward
FNDA:10,PredictionPool.claimReward
DA:327,10
DA:328,10
DA:330,10
BRDA:330,13,0,1
DA:331,1
DA:334,1
BRDA:334,14,0,1
DA:335,1
DA:339,8
DA:341,8
BRDA:341,15,0,2
DA:342,2
DA:346,6
DA:347,6
DA:349,6
DA:350,6
DA:353,6
DA:355,6
DA:357,6
DA:358,6
BRDA:358,16,0,-
DA:359,0
DA:366,5
FN:366,PredictionPool.getChainlinkDataFeedNormalizedPrice
FNDA:5,PredictionPool.getChainlinkDataFeedNormalizedPrice
DA:372,13
DA:374,13
BRDA:374,17,0,1
DA:375,1
DA:378,12
DA:380,12
BRDA:380,18,0,2
DA:381,2
DA:384,10
DA:387,29
FN:387,PredictionPool.getRound
FNDA:29,PredictionPool.getRound
DA:388,29
DA:394,12
FN:394,PredictionPool._getChainlinkDataFeedLatestAnswer
FNDA:12,PredictionPool._getChainlinkDataFeedLatestAnswer
DA:395,12
DA:397,12
DA:406,12
DA:407,12
DA:413,10
FN:413,PredictionPool.getBetWeight
FNDA:10,PredictionPool.getBetWeight
DA:414,31
DA:415,31
DA:418,31
DA:420,31
DA:426,3
FN:426,PredictionPool.getTotalWeight
FNDA:3,PredictionPool.getTotalWeight
DA:427,9
DA:428,9
DA:430,9
DA:431,13
DA:434,9
DA:435,2
DA:443,20
FN:443,PredictionPool.toggleAllowPriceFeed
FNDA:20,PredictionPool.toggleAllowPriceFeed
DA:444,19
DA:446,19
BRDA:446,19,0,1
DA:447,1
DA:450,2
BRDA:450,20,0,2
BRDA:450,20,1,2
DA:453,2
DA:454,2
DA:455,2
BRDA:455,21,0,2
DA:456,2
DA:457,2
DA:458,2
DA:462,16
DA:463,16
DA:466,18
DA:473,4
FN:473,PredictionPool.setRoundDuration
FNDA:4,PredictionPool.setRoundDuration
DA:474,3
BRDA:474,22,0,1
DA:475,1
DA:477,2
DA:479,2
FNF:20
FNH:19
LF:162
LH:144
BRF:27
BRH:21
end_of_record
TN:
SF:src/PredictionPoolToken.sol
DA:54,19
FN:54,PredictionPoolToken.constructor
FNDA:19,PredictionPoolToken.constructor
DA:64,19
BRDA:64,0,0,-
DA:65,0
DA:68,19
DA:69,19
DA:70,19
DA:71,19
DA:72,19
DA:73,19
DA:80,11
FN:80,PredictionPoolToken.mint
FNDA:11,PredictionPoolToken.mint
DA:81,10
BRDA:81,1,0,1
DA:82,1
DA:85,9
DA:87,9
DA:100,1
FN:100,PredictionPoolToken.uri
FNDA:1,PredictionPoolToken.uri
DA:101,1
DA:103,1
DA:107,9
FN:107,PredictionPoolToken._requestRandomWords
FNDA:9,PredictionPoolToken._requestRandomWords
DA:108,9
DA:119,9
DA:121,9
DA:125,7
FN:125,PredictionPoolToken.fulfillRandomWords
FNDA:7,PredictionPoolToken.fulfillRandomWords
DA:126,7
DA:128,7
BRDA:128,2,0,-
DA:129,0
DA:131,0
BRDA:131,3,0,-
DA:132,0
DA:135,7
DA:136,7
DA:138,7
DA:139,7
DA:141,7
DA:142,7
DA:144,7
DA:148,0
FN:148,PredictionPoolToken.supportsInterface
FNDA:0,PredictionPoolToken.supportsInterface
DA:149,0
DA:154,2
FN:154,PredictionPoolToken.updateVrfSettings
FNDA:2,PredictionPoolToken.updateVrfSettings
DA:158,1
DA:160,1
DA:161,1
DA:164,21
FN:164,PredictionPoolToken.setVrfSubscriptionId
FNDA:21,PredictionPoolToken.setVrfSubscriptionId
DA:165,20
FNF:8
FNH:7
LF:42
LH:36
BRF:4
BRH:1
end_of_record
TN:
SF:test/mocks/price-feeds/MockOffchainAggregator.sol
DA:46,50
FN:46,MockOffchainAggregator.constructor
FNDA:50,MockOffchainAggregator.constructor
DA:47,50
DA:48,50
DA:49,50
DA:50,50
DA:57,60
FN:57,MockOffchainAggregator.updateAnswer
FNDA:60,MockOffchainAggregator.updateAnswer
DA:58,60
DA:59,60
DA:60,60
DA:61,60
DA:62,60
DA:63,60
DA:73,0
FN:73,MockOffchainAggregator.updateRoundData
FNDA:0,MockOffchainAggregator.updateRoundData
DA:74,0
DA:75,0
DA:76,0
DA:77,0
DA:78,0
DA:79,0
DA:91,0
FN:91,MockOffchainAggregator.getRoundData
FNDA:0,MockOffchainAggregator.getRoundData
DA:96,0
DA:107,12
FN:107,MockOffchainAggregator.latestRoundData
FNDA:12,MockOffchainAggregator.latestRoundData
DA:112,12
DA:126,0
FN:126,MockOffchainAggregator.updateMinAndMaxAnswers
FNDA:0,MockOffchainAggregator.updateMinAndMaxAnswers
DA:127,0
BRDA:127,0,0,-
BRDA:127,0,1,-
DA:128,0
BRDA:128,1,0,-
BRDA:128,1,1,-
DA:129,0
BRDA:129,2,0,-
BRDA:129,2,1,-
DA:131,0
DA:132,0
FNF:6
FNH:3
LF:29
LH:14
BRF:6
BRH:0
end_of_record
TN:
SF:test/mocks/vrf/VRFCoordinatorV2_5Mock.sol
DA:56,19
FN:56,VRFCoordinatorV2_5Mock.constructor
FNDA:19,VRFCoordinatorV2_5Mock.constructor
DA:57,19
DA:58,19
DA:59,19
DA:60,19
DA:66,19
FN:66,VRFCoordinatorV2_5Mock.setConfig
FNDA:19,VRFCoordinatorV2_5Mock.setConfig
DA:67,19
DA:78,19
DA:81,0
FN:81,VRFCoordinatorV2_5Mock.consumerIsAdded
FNDA:0,VRFCoordinatorV2_5Mock.consumerIsAdded
DA:82,9
DA:85,9
FN:85,VRFCoordinatorV2_5Mock.onlyValidConsumer
FNDA:9,VRFCoordinatorV2_5Mock.onlyValidConsumer
DA:86,9
BRDA:86,0,0,-
DA:87,0
DA:103,0
FN:103,VRFCoordinatorV2_5Mock.fulfillRandomWords
FNDA:0,VRFCoordinatorV2_5Mock.fulfillRandomWords
DA:104,0
DA:114,9
FN:114,VRFCoordinatorV2_5Mock.fulfillRandomWordsWithOverride
FNDA:9,VRFCoordinatorV2_5Mock.fulfillRandomWordsWithOverride
DA:115,9
DA:116,9
BRDA:116,1,0,2
DA:117,2
DA:119,7
DA:121,7
BRDA:121,2,0,-
BRDA:121,2,1,7
DA:122,0
DA:123,0
DA:124,0
DA:126,7
BRDA:126,3,0,-
DA:127,0
DA:130,7
DA:131,7
DA:132,7
DA:134,7
DA:135,7
DA:137,7
DA:139,7
DA:140,7
BRDA:140,4,0,-
DA:141,0
DA:143,7
DA:145,7
DA:148,7
DA:151,7
FN:151,VRFCoordinatorV2_5Mock._chargePayment
FNDA:7,VRFCoordinatorV2_5Mock._chargePayment
DA:152,7
DA:153,7
BRDA:153,5,0,7
BRDA:153,5,1,-
DA:154,7
DA:155,7
BRDA:155,6,0,-
DA:156,0
DA:158,7
DA:159,7
DA:161,0
DA:162,0
BRDA:162,7,0,-
DA:163,0
DA:165,0
DA:166,0
DA:176,19
FN:176,VRFCoordinatorV2_5Mock.fundSubscription
FNDA:19,VRFCoordinatorV2_5Mock.fundSubscription
DA:177,19
BRDA:177,8,0,-
DA:178,0
DA:180,19
DA:181,19
DA:182,19
DA:184,19
DA:190,9
FN:190,VRFCoordinatorV2_5Mock._fromBytes
FNDA:9,VRFCoordinatorV2_5Mock._fromBytes
DA:191,9
BRDA:191,9,0,-
DA:192,0
DA:194,9
BRDA:194,10,0,-
DA:195,9
DA:198,9
FN:198,VRFCoordinatorV2_5Mock.requestRandomWords
FNDA:9,VRFCoordinatorV2_5Mock.requestRandomWords
DA:205,9
DA:206,9
BRDA:206,11,0,-
DA:207,0
DA:210,9
DA:211,9
DA:213,9
DA:214,9
DA:221,9
DA:232,9
DA:238,0
FN:238,VRFCoordinatorV2_5Mock.removeConsumer
FNDA:0,VRFCoordinatorV2_5Mock.removeConsumer
DA:245,0
BRDA:245,12,0,-
DA:246,0
DA:248,0
DA:249,0
DA:250,0
DA:251,0
BRDA:251,13,0,-
DA:252,0
DA:253,0
DA:254,0
DA:255,0
DA:258,0
DA:259,0
DA:265,0
FN:265,VRFCoordinatorV2_5Mock.cancelSubscription
FNDA:0,VRFCoordinatorV2_5Mock.cancelSubscription
DA:266,0
DA:268,0
DA:269,0
BRDA:269,14,0,-
DA:270,0
DA:272,0
DA:275,0
FN:275,VRFCoordinatorV2_5Mock.pendingRequestExists
FNDA:0,VRFCoordinatorV2_5Mock.pendingRequestExists
DA:283,0
FNF:13
FNH:8
LF:94
LH:55
BRF:17
BRH:3
end_of_record
